  [4;36;1mSQL (0.4ms)[0m   [0;1m SELECT name
 FROM sqlite_master
 WHERE type = 'table' AND NOT name = 'sqlite_sequence'
[0m
  [4;35;1mSQL (10.9ms)[0m   [0mselect sqlite_version(*)[0m
  [4;36;1mSQL (121.5ms)[0m   [0;1mCREATE TABLE "schema_migrations" ("version" varchar(255) NOT NULL) [0m
  [4;35;1mSQL (0.2ms)[0m   [0mPRAGMA index_list("schema_migrations")[0m
  [4;36;1mSQL (101.9ms)[0m   [0;1mCREATE UNIQUE INDEX "unique_schema_migrations" ON "schema_migrations" ("version")[0m
  [4;35;1mSQL (0.4ms)[0m   [0m SELECT name
 FROM sqlite_master
 WHERE type = 'table' AND NOT name = 'sqlite_sequence'
[0m
  [4;36;1mSQL (0.9ms)[0m   [0;1mSELECT version FROM schema_migrations[0m
Migrating to CreateReportCategories (20100527205455)
  [4;35;1mSQL (0.6ms)[0m   [0mCREATE TABLE "report_categories" ("id" INTEGER PRIMARY KEY AUTOINCREMENT NOT NULL, "name" varchar(255), "comments" varchar(255), "created_at" datetime, "updated_at" datetime) [0m
  [4;36;1mSQL (0.1ms)[0m   [0;1mINSERT INTO schema_migrations (version) VALUES ('20100527205455')[0m
Migrating to CreateReports (20100527205623)
  [4;35;1mSQL (2.9ms)[0m   [0mCREATE TABLE "reports" ("id" INTEGER PRIMARY KEY AUTOINCREMENT NOT NULL, "reference" varchar(255), "name" varchar(255), "report_category_id" integer, "comments" varchar(255), "order" integer, "created_at" datetime, "updated_at" datetime) [0m
  [4;36;1mSQL (0.1ms)[0m   [0;1mINSERT INTO schema_migrations (version) VALUES ('20100527205623')[0m
  [4;35;1mSQL (0.4ms)[0m   [0m SELECT name
 FROM sqlite_master
 WHERE type = 'table' AND NOT name = 'sqlite_sequence'
[0m
  [4;36;1mSQL (0.2ms)[0m   [0;1mSELECT version FROM schema_migrations[0m
  [4;35;1mSQL (0.3ms)[0m   [0m SELECT name
 FROM sqlite_master
 WHERE type = 'table' AND NOT name = 'sqlite_sequence'
[0m
  [4;36;1mSQL (0.1ms)[0m   [0;1mPRAGMA index_list("report_categories")[0m
  [4;35;1mSQL (0.1ms)[0m   [0mPRAGMA index_list("reports")[0m
  [4;36;1mSQL (0.7ms)[0m   [0;1m SELECT name
 FROM sqlite_master
 WHERE type = 'table' AND NOT name = 'sqlite_sequence'
[0m
  [4;35;1mSQL (0.4ms)[0m   [0mSELECT version FROM schema_migrations[0m
Migrating to CreateReportCategories (20100527205455)
Migrating to CreateReports (20100527205623)
Migrating to CreateAccountPlans (20100527205859)
  [4;36;1mSQL (0.1ms)[0m   [0;1mselect sqlite_version(*)[0m
  [4;35;1mSQL (0.7ms)[0m   [0mCREATE TABLE "account_plans" ("id" INTEGER PRIMARY KEY AUTOINCREMENT NOT NULL, "account_id" varchar(255), "name" varchar(255), "comments" varchar(255), "order" integer, "created_at" datetime, "updated_at" datetime) [0m
  [4;36;1mSQL (0.1ms)[0m   [0;1mINSERT INTO schema_migrations (version) VALUES ('20100527205859')[0m
  [4;35;1mSQL (0.7ms)[0m   [0m SELECT name
 FROM sqlite_master
 WHERE type = 'table' AND NOT name = 'sqlite_sequence'
[0m
  [4;36;1mSQL (0.2ms)[0m   [0;1mSELECT version FROM schema_migrations[0m
  [4;35;1mSQL (0.3ms)[0m   [0m SELECT name
 FROM sqlite_master
 WHERE type = 'table' AND NOT name = 'sqlite_sequence'
[0m
  [4;36;1mSQL (0.1ms)[0m   [0;1mPRAGMA index_list("account_plans")[0m
  [4;35;1mSQL (0.1ms)[0m   [0mPRAGMA index_list("report_categories")[0m
  [4;36;1mSQL (0.1ms)[0m   [0;1mPRAGMA index_list("reports")[0m
  [4;36;1mSQL (0.8ms)[0m   [0;1m SELECT name
 FROM sqlite_master
 WHERE type = 'table' AND NOT name = 'sqlite_sequence'
[0m
  [4;35;1mSQL (0.2ms)[0m   [0mSELECT version FROM schema_migrations[0m
Migrating to CreateReportCategories (20100527205455)
Migrating to CreateReports (20100527205623)
Migrating to CreateAccountPlans (20100527205859)
  [4;36;1mSQL (0.2ms)[0m   [0;1mselect sqlite_version(*)[0m
  [4;35;1mSQL (0.3ms)[0m   [0m SELECT name
 FROM sqlite_master
 WHERE type = 'table' AND NOT name = 'sqlite_sequence'
[0m
  [4;36;1mSQL (0.5ms)[0m   [0;1mSELECT version FROM schema_migrations[0m
  [4;35;1mSQL (0.3ms)[0m   [0m SELECT name
 FROM sqlite_master
 WHERE type = 'table' AND NOT name = 'sqlite_sequence'
[0m
  [4;36;1mSQL (0.1ms)[0m   [0;1mPRAGMA index_list("account_plans")[0m
  [4;35;1mSQL (0.1ms)[0m   [0mPRAGMA index_list("report_categories")[0m
  [4;36;1mSQL (0.1ms)[0m   [0;1mPRAGMA index_list("reports")[0m
  [4;36;1mSQL (0.8ms)[0m   [0;1m SELECT name
 FROM sqlite_master
 WHERE type = 'table' AND NOT name = 'sqlite_sequence'
[0m
  [4;35;1mSQL (0.2ms)[0m   [0mSELECT version FROM schema_migrations[0m
Migrating to CreateReportCategories (20100527205455)
Migrating to CreateReports (20100527205623)
Migrating to CreateAccountPlans (20100527205859)
  [4;36;1mSQL (0.2ms)[0m   [0;1mselect sqlite_version(*)[0m
  [4;35;1mSQL (0.3ms)[0m   [0m SELECT name
 FROM sqlite_master
 WHERE type = 'table' AND NOT name = 'sqlite_sequence'
[0m
  [4;36;1mSQL (0.2ms)[0m   [0;1mSELECT version FROM schema_migrations[0m
  [4;35;1mSQL (0.3ms)[0m   [0m SELECT name
 FROM sqlite_master
 WHERE type = 'table' AND NOT name = 'sqlite_sequence'
[0m
  [4;36;1mSQL (0.1ms)[0m   [0;1mPRAGMA index_list("account_plans")[0m
  [4;35;1mSQL (0.1ms)[0m   [0mPRAGMA index_list("report_categories")[0m
  [4;36;1mSQL (0.1ms)[0m   [0;1mPRAGMA index_list("reports")[0m
  [4;36;1mSQL (0.8ms)[0m   [0;1m SELECT name
 FROM sqlite_master
 WHERE type = 'table' AND NOT name = 'sqlite_sequence'
[0m
  [4;35;1mSQL (0.3ms)[0m   [0mSELECT version FROM schema_migrations[0m
Migrating to CreateReportCategories (20100527205455)
Migrating to CreateReports (20100527205623)
Migrating to CreateAccountPlans (20100527205859)
Migrating to CreateReportLines (20100527210731)
  [4;36;1mSQL (0.1ms)[0m   [0;1mselect sqlite_version(*)[0m
  [4;35;1mSQL (0.7ms)[0m   [0mCREATE TABLE "report_lines" ("id" INTEGER PRIMARY KEY AUTOINCREMENT NOT NULL, "line_id" varchar(255), "line_caption" varchar(255), "comments" varchar(255), "order" integer, "line_morphing" varchar(255), "created_at" datetime, "updated_at" datetime) [0m
  [4;36;1mSQL (0.3ms)[0m   [0;1mINSERT INTO schema_migrations (version) VALUES ('20100527210731')[0m
  [4;35;1mSQL (0.4ms)[0m   [0m SELECT name
 FROM sqlite_master
 WHERE type = 'table' AND NOT name = 'sqlite_sequence'
[0m
  [4;36;1mSQL (0.3ms)[0m   [0;1mSELECT version FROM schema_migrations[0m
  [4;35;1mSQL (0.3ms)[0m   [0m SELECT name
 FROM sqlite_master
 WHERE type = 'table' AND NOT name = 'sqlite_sequence'
[0m
  [4;36;1mSQL (0.1ms)[0m   [0;1mPRAGMA index_list("account_plans")[0m
  [4;35;1mSQL (0.1ms)[0m   [0mPRAGMA index_list("report_categories")[0m
  [4;36;1mSQL (0.1ms)[0m   [0;1mPRAGMA index_list("report_lines")[0m
  [4;35;1mSQL (0.1ms)[0m   [0mPRAGMA index_list("reports")[0m
  [4;36;1mSQL (1.0ms)[0m   [0;1m SELECT name
 FROM sqlite_master
 WHERE type = 'table' AND NOT name = 'sqlite_sequence'
[0m
  [4;35;1mSQL (0.3ms)[0m   [0mSELECT version FROM schema_migrations[0m
Migrating to CreateReportCategories (20100527205455)
Migrating to CreateReports (20100527205623)
Migrating to CreateAccountPlans (20100527205859)
Migrating to CreateReportLines (20100527210731)
Migrating to ReportLinesAccountPlans (20100527211141)
  [4;36;1mSQL (0.2ms)[0m   [0;1mselect sqlite_version(*)[0m
  [4;36;1mSQL (1.0ms)[0m   [0;1m SELECT name
 FROM sqlite_master
 WHERE type = 'table' AND NOT name = 'sqlite_sequence'
[0m
  [4;35;1mSQL (0.3ms)[0m   [0mSELECT version FROM schema_migrations[0m
Migrating to CreateReportCategories (20100527205455)
Migrating to CreateReports (20100527205623)
Migrating to CreateAccountPlans (20100527205859)
Migrating to CreateReportLines (20100527210731)
Migrating to ReportLinesAccountPlans (20100527211141)
  [4;36;1mSQL (0.1ms)[0m   [0;1mselect sqlite_version(*)[0m
  [4;35;1mSQL (0.6ms)[0m   [0mCREATE TABLE "report_lines_account_plans" ("report_line_id" integer, "account_plan_id" integer) [0m
  [4;36;1mSQL (0.2ms)[0m   [0;1mINSERT INTO schema_migrations (version) VALUES ('20100527211141')[0m
  [4;35;1mSQL (0.5ms)[0m   [0m SELECT name
 FROM sqlite_master
 WHERE type = 'table' AND NOT name = 'sqlite_sequence'
[0m
  [4;36;1mSQL (0.3ms)[0m   [0;1mSELECT version FROM schema_migrations[0m
  [4;35;1mSQL (0.4ms)[0m   [0m SELECT name
 FROM sqlite_master
 WHERE type = 'table' AND NOT name = 'sqlite_sequence'
[0m
  [4;36;1mSQL (0.1ms)[0m   [0;1mPRAGMA index_list("account_plans")[0m
  [4;35;1mSQL (0.1ms)[0m   [0mPRAGMA index_list("report_categories")[0m
  [4;36;1mSQL (0.1ms)[0m   [0;1mPRAGMA index_list("report_lines")[0m
  [4;35;1mSQL (0.1ms)[0m   [0mPRAGMA index_list("report_lines_account_plans")[0m
  [4;36;1mSQL (0.1ms)[0m   [0;1mPRAGMA index_list("reports")[0m
  [4;36;1mSQL (242.8ms)[0m   [0;1m SELECT name
 FROM sqlite_master
 WHERE type = 'table' AND NOT name = 'sqlite_sequence'
[0m
  [4;35;1mSQL (0.4ms)[0m   [0mSELECT version FROM schema_migrations[0m
Migrating to CreateReportCategories (20100527205455)
Migrating to CreateReports (20100527205623)
Migrating to CreateAccountPlans (20100527205859)
Migrating to CreateReportLines (20100527210731)
Migrating to ReportLinesAccountPlans (20100527211141)
Migrating to CreateStructures (20100527213814)
  [4;36;1mSQL (0.1ms)[0m   [0;1mselect sqlite_version(*)[0m
  [4;35;1mSQL (2.3ms)[0m   [0mCREATE TABLE "structures" ("id" INTEGER PRIMARY KEY AUTOINCREMENT NOT NULL, "report_line_id" integer, "account_plan_id" integer, "created_at" datetime, "updated_at" datetime) [0m
  [4;36;1mSQL (0.4ms)[0m   [0;1mINSERT INTO schema_migrations (version) VALUES ('20100527213814')[0m
  [4;35;1mSQL (0.5ms)[0m   [0m SELECT name
 FROM sqlite_master
 WHERE type = 'table' AND NOT name = 'sqlite_sequence'
[0m
  [4;36;1mSQL (0.4ms)[0m   [0;1mSELECT version FROM schema_migrations[0m
  [4;35;1mSQL (0.8ms)[0m   [0m SELECT name
 FROM sqlite_master
 WHERE type = 'table' AND NOT name = 'sqlite_sequence'
[0m
  [4;36;1mSQL (0.1ms)[0m   [0;1mPRAGMA index_list("account_plans")[0m
  [4;35;1mSQL (0.1ms)[0m   [0mPRAGMA index_list("report_categories")[0m
  [4;36;1mSQL (0.1ms)[0m   [0;1mPRAGMA index_list("report_lines")[0m
  [4;35;1mSQL (0.1ms)[0m   [0mPRAGMA index_list("report_lines_account_plans")[0m
  [4;36;1mSQL (0.2ms)[0m   [0;1mPRAGMA index_list("reports")[0m
  [4;35;1mSQL (0.1ms)[0m   [0mPRAGMA index_list("structures")[0m


Processing ReportCategoriesController#index (for 127.0.0.1 at 2010-05-28 22:05:50) [GET]
  [4;36;1mReportCategory Load (24.8ms)[0m   [0;1mSELECT * FROM "report_categories" [0m
Rendering template within layouts/report_categories
Rendering report_categories/index
Completed in 170ms (View: 78, DB: 25) | 200 OK [http://localhost/report_categories]


Processing ReportCategoriesController#new (for 127.0.0.1 at 2010-05-28 22:05:53) [GET]
Rendering template within layouts/report_categories
Rendering report_categories/new
Completed in 79ms (View: 55, DB: 0) | 200 OK [http://localhost/report_categories/new]


Processing ReportCategoriesController#create (for 127.0.0.1 at 2010-05-28 22:06:14) [POST]
  Parameters: {"report_category"=>{"name"=>"Balance-Sheet", "comments"=>"This is the balance sheet category !"}, "commit"=>"Create", "authenticity_token"=>"zeqXZhjf6Y0Teewd2zrZ9jKjEjqfve5dOQBTfqyPYQw="}
  [4;35;1mReportCategory Create (5.6ms)[0m   [0mINSERT INTO "report_categories" ("name", "created_at", "comments", "updated_at") VALUES('Balance-Sheet', '2010-05-28 20:06:14', 'This is the balance sheet category !', '2010-05-28 20:06:14')[0m
Redirected to http://localhost:3000/report_categories/1
Completed in 134ms (DB: 6) | 302 Found [http://localhost/report_categories]


Processing ReportCategoriesController#show (for 127.0.0.1 at 2010-05-28 22:06:14) [GET]
  Parameters: {"id"=>"1"}
  [4;36;1mReportCategory Load (1.6ms)[0m   [0;1mSELECT * FROM "report_categories" WHERE ("report_categories"."id" = 1) [0m
Rendering template within layouts/report_categories
Rendering report_categories/show
Completed in 77ms (View: 46, DB: 2) | 200 OK [http://localhost/report_categories/1]


Processing ReportCategoriesController#index (for 127.0.0.1 at 2010-05-28 22:06:16) [GET]
  [4;35;1mReportCategory Load (1.5ms)[0m   [0mSELECT * FROM "report_categories" [0m
Rendering template within layouts/report_categories
Rendering report_categories/index
Completed in 42ms (View: 22, DB: 2) | 200 OK [http://localhost/report_categories]


Processing ReportCategoriesController#new (for 127.0.0.1 at 2010-05-28 22:06:17) [GET]
Rendering template within layouts/report_categories
Rendering report_categories/new
Completed in 185ms (View: 12, DB: 0) | 200 OK [http://localhost/report_categories/new]


Processing ReportCategoriesController#create (for 127.0.0.1 at 2010-05-28 22:06:35) [POST]
  Parameters: {"report_category"=>{"name"=>"P&L", "comments"=>"This is the profit and loss category"}, "commit"=>"Create", "authenticity_token"=>"zeqXZhjf6Y0Teewd2zrZ9jKjEjqfve5dOQBTfqyPYQw="}
  [4;36;1mReportCategory Create (0.4ms)[0m   [0;1mINSERT INTO "report_categories" ("name", "created_at", "comments", "updated_at") VALUES('P&L', '2010-05-28 20:06:35', 'This is the profit and loss category', '2010-05-28 20:06:35')[0m
Redirected to http://localhost:3000/report_categories/2
Completed in 141ms (DB: 0) | 302 Found [http://localhost/report_categories]


Processing ReportCategoriesController#show (for 127.0.0.1 at 2010-05-28 22:06:35) [GET]
  Parameters: {"id"=>"2"}
  [4;35;1mReportCategory Load (1.2ms)[0m   [0mSELECT * FROM "report_categories" WHERE ("report_categories"."id" = 2) [0m
Rendering template within layouts/report_categories
Rendering report_categories/show
Completed in 35ms (View: 11, DB: 1) | 200 OK [http://localhost/report_categories/2]


Processing ReportCategoriesController#index (for 127.0.0.1 at 2010-05-28 22:06:37) [GET]
  [4;36;1mReportCategory Load (2.0ms)[0m   [0;1mSELECT * FROM "report_categories" [0m
Rendering template within layouts/report_categories
Rendering report_categories/index
Completed in 39ms (View: 20, DB: 2) | 200 OK [http://localhost/report_categories]


Processing ReportCategoriesController#new (for 127.0.0.1 at 2010-05-28 22:06:38) [GET]
Rendering template within layouts/report_categories
Rendering report_categories/new
Completed in 35ms (View: 20, DB: 0) | 200 OK [http://localhost/report_categories/new]


Processing ReportCategoriesController#create (for 127.0.0.1 at 2010-05-28 22:07:15) [POST]
  Parameters: {"report_category"=>{"name"=>"Off-Balance-sheet", "comments"=>"This is the off-balance sheet category"}, "commit"=>"Create", "authenticity_token"=>"zeqXZhjf6Y0Teewd2zrZ9jKjEjqfve5dOQBTfqyPYQw="}
  [4;35;1mReportCategory Create (0.3ms)[0m   [0mINSERT INTO "report_categories" ("name", "created_at", "comments", "updated_at") VALUES('Off-Balance-sheet', '2010-05-28 20:07:15', 'This is the off-balance sheet category', '2010-05-28 20:07:15')[0m
Redirected to http://localhost:3000/report_categories/3
Completed in 135ms (DB: 0) | 302 Found [http://localhost/report_categories]


Processing ReportCategoriesController#show (for 127.0.0.1 at 2010-05-28 22:07:15) [GET]
  Parameters: {"id"=>"3"}
  [4;36;1mReportCategory Load (0.3ms)[0m   [0;1mSELECT * FROM "report_categories" WHERE ("report_categories"."id" = 3) [0m
Rendering template within layouts/report_categories
Rendering report_categories/show
Completed in 51ms (View: 15, DB: 0) | 200 OK [http://localhost/report_categories/3]


Processing ReportCategoriesController#index (for 127.0.0.1 at 2010-05-28 22:07:18) [GET]
  [4;35;1mReportCategory Load (3.0ms)[0m   [0mSELECT * FROM "report_categories" [0m
Rendering template within layouts/report_categories
Rendering report_categories/index
Completed in 39ms (View: 26, DB: 3) | 200 OK [http://localhost/report_categories]


Processing ReportCategoriesController#show (for 127.0.0.1 at 2010-05-28 22:07:48) [GET]
  Parameters: {"id"=>"1"}
  [4;36;1mReportCategory Load (1.4ms)[0m   [0;1mSELECT * FROM "report_categories" WHERE ("report_categories"."id" = 1) [0m
Rendering template within layouts/report_categories
Rendering report_categories/show
Completed in 30ms (View: 9, DB: 1) | 200 OK [http://localhost/report_categories/1]


Processing ReportCategoriesController#index (for 127.0.0.1 at 2010-05-28 22:07:58) [GET]
  [4;35;1mReportCategory Load (1.2ms)[0m   [0mSELECT * FROM "report_categories" [0m
Rendering template within layouts/report_categories
Rendering report_categories/index
Completed in 37ms (View: 24, DB: 1) | 200 OK [http://localhost/report_categories]


Processing ReportsController#index (for 127.0.0.1 at 2010-05-28 22:08:07) [GET]
  [4;36;1mReport Load (0.7ms)[0m   [0;1mSELECT * FROM "reports" [0m
Rendering template within layouts/reports
Rendering reports/index
Completed in 80ms (View: 30, DB: 1) | 200 OK [http://localhost/reports]


Processing ReportsController#new (for 127.0.0.1 at 2010-05-28 22:08:11) [GET]
Rendering template within layouts/reports
Rendering reports/new
Completed in 77ms (View: 54, DB: 0) | 200 OK [http://localhost/reports/new]


Processing ReportsController#create (for 127.0.0.1 at 2010-05-28 22:08:37) [POST]
  Parameters: {"report"=>{"name"=>"Report 1", "reference"=>"1000", "comments"=>"This is the report 1", "order"=>"1", "report_category_id"=>"1"}, "commit"=>"Create", "authenticity_token"=>"zeqXZhjf6Y0Teewd2zrZ9jKjEjqfve5dOQBTfqyPYQw="}
  [4;35;1mReport Create (0.3ms)[0m   [0mINSERT INTO "reports" ("reference", "name", "created_at", "comments", "updated_at", "order", "report_category_id") VALUES('1000', 'Report 1', '2010-05-28 20:08:37', 'This is the report 1', '2010-05-28 20:08:37', 1, 1)[0m
Redirected to http://localhost:3000/reports/1
Completed in 145ms (DB: 0) | 302 Found [http://localhost/reports]


Processing ReportsController#show (for 127.0.0.1 at 2010-05-28 22:08:38) [GET]
  Parameters: {"id"=>"1"}
  [4;36;1mReport Load (3.7ms)[0m   [0;1mSELECT * FROM "reports" WHERE ("reports"."id" = 1) [0m
Rendering template within layouts/reports
Rendering reports/show
Completed in 79ms (View: 41, DB: 4) | 200 OK [http://localhost/reports/1]


Processing ReportsController#index (for 127.0.0.1 at 2010-05-28 22:08:42) [GET]
  [4;35;1mReport Load (1.8ms)[0m   [0mSELECT * FROM "reports" [0m
Rendering template within layouts/reports
Rendering reports/index
Completed in 36ms (View: 17, DB: 2) | 200 OK [http://localhost/reports]


Processing ReportsController#new (for 127.0.0.1 at 2010-05-28 22:08:45) [GET]
Rendering template within layouts/reports
Rendering reports/new
Completed in 55ms (View: 33, DB: 0) | 200 OK [http://localhost/reports/new]


Processing ReportsController#create (for 127.0.0.1 at 2010-05-28 22:09:05) [POST]
  Parameters: {"report"=>{"name"=>"Report 2", "reference"=>"2000", "comments"=>"This is the report 2", "order"=>"3", "report_category_id"=>"2"}, "commit"=>"Create", "authenticity_token"=>"zeqXZhjf6Y0Teewd2zrZ9jKjEjqfve5dOQBTfqyPYQw="}
  [4;36;1mReport Create (0.3ms)[0m   [0;1mINSERT INTO "reports" ("reference", "name", "created_at", "comments", "updated_at", "order", "report_category_id") VALUES('2000', 'Report 2', '2010-05-28 20:09:05', 'This is the report 2', '2010-05-28 20:09:05', 3, 2)[0m
Redirected to http://localhost:3000/reports/2
Completed in 148ms (DB: 0) | 302 Found [http://localhost/reports]


Processing ReportsController#show (for 127.0.0.1 at 2010-05-28 22:09:05) [GET]
  Parameters: {"id"=>"2"}
  [4;35;1mReport Load (1.6ms)[0m   [0mSELECT * FROM "reports" WHERE ("reports"."id" = 2) [0m
Rendering template within layouts/reports
Rendering reports/show
Completed in 41ms (View: 10, DB: 2) | 200 OK [http://localhost/reports/2]


Processing ReportsController#index (for 127.0.0.1 at 2010-05-28 22:09:07) [GET]
  [4;36;1mReport Load (4.8ms)[0m   [0;1mSELECT * FROM "reports" [0m
Rendering template within layouts/reports
Rendering reports/index
Completed in 37ms (View: 18, DB: 5) | 200 OK [http://localhost/reports]


Processing ReportsController#index (for 127.0.0.1 at 2010-05-28 22:14:30) [GET]
  [4;35;1mReport Load (3.5ms)[0m   [0mSELECT * FROM "reports" [0m
Rendering template within layouts/reports
Rendering reports/index
Completed in 227ms (View: 26, DB: 4) | 200 OK [http://localhost/reports]


Processing ReportsController#show (for 127.0.0.1 at 2010-05-28 22:14:34) [GET]
  Parameters: {"id"=>"2"}
  [4;36;1mReport Load (0.6ms)[0m   [0;1mSELECT * FROM "reports" WHERE ("reports"."id" = 2) [0m
Rendering template within layouts/reports
Rendering reports/show
Completed in 38ms (View: 10, DB: 1) | 200 OK [http://localhost/reports/2]


Processing ReportsController#index (for 127.0.0.1 at 2010-05-28 22:14:41) [GET]
  [4;35;1mReport Load (2.8ms)[0m   [0mSELECT * FROM "reports" [0m
Rendering template within layouts/reports
Rendering reports/index
Completed in 52ms (View: 33, DB: 3) | 200 OK [http://localhost/reports]


Processing ReportCategoriesController#index (for 127.0.0.1 at 2010-05-28 22:14:53) [GET]
  [4;36;1mReportCategory Load (4.3ms)[0m   [0;1mSELECT * FROM "report_categories" [0m
Rendering template within layouts/report_categories
Rendering report_categories/index
Completed in 59ms (View: 32, DB: 4) | 200 OK [http://localhost/report_categories]


Processing ReportCategoriesController#show (for 127.0.0.1 at 2010-05-28 22:14:57) [GET]
  Parameters: {"id"=>"3"}
  [4;35;1mReportCategory Load (0.3ms)[0m   [0mSELECT * FROM "report_categories" WHERE ("report_categories"."id" = 3) [0m
Rendering template within layouts/report_categories
Rendering report_categories/show
  [4;36;1mReport Load (1.7ms)[0m   [0;1mSELECT * FROM "reports" WHERE ("reports".report_category_id = 3) [0m
Completed in 60ms (View: 35, DB: 2) | 200 OK [http://localhost/report_categories/3]


Processing ReportCategoriesController#report (for 127.0.0.1 at 2010-05-28 22:15:14) [POST]
  Parameters: {"report"=>{"name"=>"New report"}, "commit"=>"Comment", "authenticity_token"=>"zeqXZhjf6Y0Teewd2zrZ9jKjEjqfve5dOQBTfqyPYQw=", "id"=>"3"}

ActionController::UnknownAction (No action responded to report. Actions: create, destroy, edit, index, new, show, and update):
  /usr/local/lib/ruby/1.8/webrick/httpserver.rb:104:in `service'
  /usr/local/lib/ruby/1.8/webrick/httpserver.rb:65:in `run'
  /usr/local/lib/ruby/1.8/webrick/server.rb:173:in `start_thread'
  /usr/local/lib/ruby/1.8/webrick/server.rb:162:in `start'
  /usr/local/lib/ruby/1.8/webrick/server.rb:162:in `start_thread'
  /usr/local/lib/ruby/1.8/webrick/server.rb:95:in `start'
  /usr/local/lib/ruby/1.8/webrick/server.rb:92:in `each'
  /usr/local/lib/ruby/1.8/webrick/server.rb:92:in `start'
  /usr/local/lib/ruby/1.8/webrick/server.rb:23:in `start'
  /usr/local/lib/ruby/1.8/webrick/server.rb:82:in `start'
  -e:1:in `load'
  -e:1

Rendering rescues/layout (not_found)


Processing ReportCategoriesController#report (for 127.0.0.1 at 2010-05-28 22:18:03) [POST]
  Parameters: {"report"=>{"name"=>"New report"}, "commit"=>"Comment", "authenticity_token"=>"zeqXZhjf6Y0Teewd2zrZ9jKjEjqfve5dOQBTfqyPYQw=", "id"=>"3"}
  [4;35;1mReportCategory Load (0.6ms)[0m   [0mSELECT * FROM "report_categories" WHERE ("report_categories"."id" = 3) [0m
  [4;36;1mReport Create (0.6ms)[0m   [0;1mINSERT INTO "reports" ("reference", "name", "created_at", "comments", "updated_at", "order", "report_category_id") VALUES(NULL, 'New report', '2010-05-28 20:18:04', NULL, '2010-05-28 20:18:04', NULL, 3)[0m
Redirected to http://localhost:3000/report_categories/3
Completed in 397ms (DB: 1) | 302 Found [http://localhost/report_categories/report/3]


Processing ReportCategoriesController#show (for 127.0.0.1 at 2010-05-28 22:18:04) [GET]
  Parameters: {"id"=>"3"}
  [4;35;1mReportCategory Load (1.4ms)[0m   [0mSELECT * FROM "report_categories" WHERE ("report_categories"."id" = 3) [0m
Rendering template within layouts/report_categories
Rendering report_categories/show
  [4;36;1mReport Load (0.5ms)[0m   [0;1mSELECT * FROM "reports" WHERE ("reports".report_category_id = 3) [0m
Completed in 104ms (View: 73, DB: 2) | 200 OK [http://localhost/report_categories/3]


Processing ReportCategoriesController#report (for 127.0.0.1 at 2010-05-28 22:18:12) [POST]
  Parameters: {"report"=>{"name"=>"another report"}, "commit"=>"Comment", "authenticity_token"=>"zeqXZhjf6Y0Teewd2zrZ9jKjEjqfve5dOQBTfqyPYQw=", "id"=>"3"}
  [4;35;1mReportCategory Load (0.8ms)[0m   [0mSELECT * FROM "report_categories" WHERE ("report_categories"."id" = 3) [0m
  [4;36;1mReport Create (1.3ms)[0m   [0;1mINSERT INTO "reports" ("reference", "name", "created_at", "comments", "updated_at", "order", "report_category_id") VALUES(NULL, 'another report', '2010-05-28 20:18:12', NULL, '2010-05-28 20:18:12', NULL, 3)[0m
Redirected to http://localhost:3000/report_categories/3
Completed in 180ms (DB: 2) | 302 Found [http://localhost/report_categories/report/3]


Processing ReportCategoriesController#show (for 127.0.0.1 at 2010-05-28 22:18:12) [GET]
  Parameters: {"id"=>"3"}
  [4;35;1mReportCategory Load (0.5ms)[0m   [0mSELECT * FROM "report_categories" WHERE ("report_categories"."id" = 3) [0m
Rendering template within layouts/report_categories
Rendering report_categories/show
  [4;36;1mReport Load (1.6ms)[0m   [0;1mSELECT * FROM "reports" WHERE ("reports".report_category_id = 3) [0m
Completed in 66ms (View: 41, DB: 2) | 200 OK [http://localhost/report_categories/3]


Processing ReportCategoriesController#show (for 127.0.0.1 at 2010-05-28 22:21:05) [GET]
  Parameters: {"id"=>"3"}
  [4;35;1mReportCategory Load (3.7ms)[0m   [0mSELECT * FROM "report_categories" WHERE ("report_categories"."id" = 3) [0m
Rendering template within layouts/report_categories
Rendering report_categories/show
  [4;36;1mReport Load (1.3ms)[0m   [0;1mSELECT * FROM "reports" WHERE ("reports".report_category_id = 3) [0m
Completed in 80ms (View: 53, DB: 5) | 200 OK [http://localhost/report_categories/3]


Processing ReportCategoriesController#show (for 127.0.0.1 at 2010-05-28 22:22:26) [GET]
  Parameters: {"id"=>"3"}
  [4;35;1mReportCategory Load (1.0ms)[0m   [0mSELECT * FROM "report_categories" WHERE ("report_categories"."id" = 3) [0m
Rendering template within layouts/report_categories
Rendering report_categories/show
  [4;36;1mReport Load (0.5ms)[0m   [0;1mSELECT * FROM "reports" WHERE ("reports".report_category_id = 3) [0m
Completed in 313ms (View: 283, DB: 2) | 200 OK [http://localhost/report_categories/3]


Processing ReportCategoriesController#report (for 127.0.0.1 at 2010-05-28 22:22:36) [POST]
  Parameters: {"report"=>{"name"=>"A third report"}, "commit"=>"Add a new report", "authenticity_token"=>"zeqXZhjf6Y0Teewd2zrZ9jKjEjqfve5dOQBTfqyPYQw=", "id"=>"3"}
  [4;35;1mReportCategory Load (0.3ms)[0m   [0mSELECT * FROM "report_categories" WHERE ("report_categories"."id" = 3) [0m
  [4;36;1mReport Create (0.3ms)[0m   [0;1mINSERT INTO "reports" ("reference", "name", "created_at", "comments", "updated_at", "order", "report_category_id") VALUES(NULL, 'A third report', '2010-05-28 20:22:36', NULL, '2010-05-28 20:22:36', NULL, 3)[0m
Redirected to http://localhost:3000/report_categories/3
Completed in 170ms (DB: 1) | 302 Found [http://localhost/report_categories/report/3]


Processing ReportCategoriesController#show (for 127.0.0.1 at 2010-05-28 22:22:36) [GET]
  Parameters: {"id"=>"3"}
  [4;35;1mReportCategory Load (0.4ms)[0m   [0mSELECT * FROM "report_categories" WHERE ("report_categories"."id" = 3) [0m
Rendering template within layouts/report_categories
Rendering report_categories/show
  [4;36;1mReport Load (4.2ms)[0m   [0;1mSELECT * FROM "reports" WHERE ("reports".report_category_id = 3) [0m
Completed in 53ms (View: 25, DB: 5) | 200 OK [http://localhost/report_categories/3]


Processing ReportCategoriesController#show (for 127.0.0.1 at 2010-05-28 22:23:04) [GET]
  Parameters: {"id"=>"3"}
  [4;35;1mReportCategory Load (0.8ms)[0m   [0mSELECT * FROM "report_categories" WHERE ("report_categories"."id" = 3) [0m
Rendering template within layouts/report_categories
Rendering report_categories/show
  [4;36;1mReport Load (0.8ms)[0m   [0;1mSELECT * FROM "reports" WHERE ("reports".report_category_id = 3) [0m
Completed in 77ms (View: 55, DB: 2) | 200 OK [http://localhost/report_categories/3]


Processing ReportCategoriesController#show (for 127.0.0.1 at 2010-05-28 22:24:40) [GET]
  Parameters: {"id"=>"3"}
  [4;35;1mReportCategory Load (0.4ms)[0m   [0mSELECT * FROM "report_categories" WHERE ("report_categories"."id" = 3) [0m
Rendering template within layouts/report_categories
Rendering report_categories/show
  [4;36;1mReport Load (2.1ms)[0m   [0;1mSELECT * FROM "reports" WHERE ("reports".report_category_id = 3) [0m
Completed in 76ms (View: 51, DB: 3) | 200 OK [http://localhost/report_categories/3]


Processing ReportCategoriesController#show (for 127.0.0.1 at 2010-05-28 22:25:08) [GET]
  Parameters: {"id"=>"3"}
  [4;35;1mReportCategory Load (0.5ms)[0m   [0mSELECT * FROM "report_categories" WHERE ("report_categories"."id" = 3) [0m
Rendering template within layouts/report_categories
Rendering report_categories/show
  [4;36;1mReport Load (0.7ms)[0m   [0;1mSELECT * FROM "reports" WHERE ("reports".report_category_id = 3) [0m
Completed in 255ms (View: 45, DB: 1) | 200 OK [http://localhost/report_categories/3]


Processing ReportCategoriesController#report (for 127.0.0.1 at 2010-05-28 22:25:32) [POST]
  Parameters: {"report"=>{"name"=>"Fourth report"}, "commit"=>"Add a new report", "authenticity_token"=>"zeqXZhjf6Y0Teewd2zrZ9jKjEjqfve5dOQBTfqyPYQw=", "id"=>"3"}
  [4;35;1mReportCategory Load (0.5ms)[0m   [0mSELECT * FROM "report_categories" WHERE ("report_categories"."id" = 3) [0m
  [4;36;1mReport Create (2.6ms)[0m   [0;1mINSERT INTO "reports" ("reference", "name", "created_at", "comments", "updated_at", "order", "report_category_id") VALUES(NULL, 'Fourth report', '2010-05-28 20:25:32', NULL, '2010-05-28 20:25:32', NULL, 3)[0m
Redirected to http://localhost:3000/report_categories/3
Completed in 173ms (DB: 3) | 302 Found [http://localhost/report_categories/report/3]


Processing ReportCategoriesController#show (for 127.0.0.1 at 2010-05-28 22:25:32) [GET]
  Parameters: {"id"=>"3"}
  [4;35;1mReportCategory Load (0.3ms)[0m   [0mSELECT * FROM "report_categories" WHERE ("report_categories"."id" = 3) [0m
Rendering template within layouts/report_categories
Rendering report_categories/show
  [4;36;1mReport Load (1.1ms)[0m   [0;1mSELECT * FROM "reports" WHERE ("reports".report_category_id = 3) [0m
Completed in 62ms (View: 36, DB: 1) | 200 OK [http://localhost/report_categories/3]


Processing ReportCategoriesController#report (for 127.0.0.1 at 2010-05-28 22:25:43) [POST]
  Parameters: {"report"=>{"name"=>"5th report"}, "commit"=>"Add a new report", "authenticity_token"=>"zeqXZhjf6Y0Teewd2zrZ9jKjEjqfve5dOQBTfqyPYQw=", "id"=>"3"}
  [4;35;1mReportCategory Load (0.6ms)[0m   [0mSELECT * FROM "report_categories" WHERE ("report_categories"."id" = 3) [0m
  [4;36;1mReport Create (1.7ms)[0m   [0;1mINSERT INTO "reports" ("reference", "name", "created_at", "comments", "updated_at", "order", "report_category_id") VALUES(NULL, '5th report', '2010-05-28 20:25:43', NULL, '2010-05-28 20:25:43', NULL, 3)[0m
Redirected to http://localhost:3000/report_categories/3
Completed in 168ms (DB: 2) | 302 Found [http://localhost/report_categories/report/3]


Processing ReportCategoriesController#show (for 127.0.0.1 at 2010-05-28 22:25:43) [GET]
  Parameters: {"id"=>"3"}
  [4;35;1mReportCategory Load (0.7ms)[0m   [0mSELECT * FROM "report_categories" WHERE ("report_categories"."id" = 3) [0m
Rendering template within layouts/report_categories
Rendering report_categories/show
  [4;36;1mReport Load (1.0ms)[0m   [0;1mSELECT * FROM "reports" WHERE ("reports".report_category_id = 3) [0m
Completed in 52ms (View: 26, DB: 2) | 200 OK [http://localhost/report_categories/3]


Processing ReportCategoriesController#index (for 127.0.0.1 at 2010-05-28 22:26:11) [GET]
  [4;35;1mReportCategory Load (2.8ms)[0m   [0mSELECT * FROM "report_categories" [0m
Rendering template within layouts/report_categories
Rendering report_categories/index
Completed in 46ms (View: 26, DB: 3) | 200 OK [http://localhost/report_categories]


Processing ReportCategoriesController#show (for 127.0.0.1 at 2010-05-28 22:26:26) [GET]
  Parameters: {"id"=>"1"}
  [4;36;1mReportCategory Load (0.5ms)[0m   [0;1mSELECT * FROM "report_categories" WHERE ("report_categories"."id" = 1) [0m
Rendering template within layouts/report_categories
Rendering report_categories/show
  [4;35;1mReport Load (0.5ms)[0m   [0mSELECT * FROM "reports" WHERE ("reports".report_category_id = 1) [0m
Completed in 36ms (View: 23, DB: 1) | 200 OK [http://localhost/report_categories/1]


Processing ReportCategoriesController#report (for 127.0.0.1 at 2010-05-28 22:26:33) [POST]
  Parameters: {"report"=>{"name"=>"Report 7"}, "commit"=>"Add a new report", "authenticity_token"=>"zeqXZhjf6Y0Teewd2zrZ9jKjEjqfve5dOQBTfqyPYQw=", "id"=>"1"}
  [4;36;1mReportCategory Load (0.9ms)[0m   [0;1mSELECT * FROM "report_categories" WHERE ("report_categories"."id" = 1) [0m
  [4;35;1mReport Create (1.4ms)[0m   [0mINSERT INTO "reports" ("reference", "name", "created_at", "comments", "updated_at", "order", "report_category_id") VALUES(NULL, 'Report 7', '2010-05-28 20:26:33', NULL, '2010-05-28 20:26:33', NULL, 1)[0m
Redirected to http://localhost:3000/report_categories/1
Completed in 157ms (DB: 2) | 302 Found [http://localhost/report_categories/report/1]


Processing ReportCategoriesController#show (for 127.0.0.1 at 2010-05-28 22:26:33) [GET]
  Parameters: {"id"=>"1"}
  [4;36;1mReportCategory Load (2.4ms)[0m   [0;1mSELECT * FROM "report_categories" WHERE ("report_categories"."id" = 1) [0m
Rendering template within layouts/report_categories
Rendering report_categories/show
  [4;35;1mReport Load (7.1ms)[0m   [0mSELECT * FROM "reports" WHERE ("reports".report_category_id = 1) [0m
Completed in 46ms (View: 16, DB: 9) | 200 OK [http://localhost/report_categories/1]


Processing ReportCategoriesController#index (for 127.0.0.1 at 2010-05-28 22:26:37) [GET]
  [4;36;1mReportCategory Load (3.7ms)[0m   [0;1mSELECT * FROM "report_categories" [0m
Rendering template within layouts/report_categories
Rendering report_categories/index
Completed in 47ms (View: 29, DB: 4) | 200 OK [http://localhost/report_categories]


Processing ReportCategoriesController#show (for 127.0.0.1 at 2010-05-28 22:26:40) [GET]
  Parameters: {"id"=>"3"}
  [4;35;1mReportCategory Load (4.4ms)[0m   [0mSELECT * FROM "report_categories" WHERE ("report_categories"."id" = 3) [0m
Rendering template within layouts/report_categories
Rendering report_categories/show
  [4;36;1mReport Load (2.4ms)[0m   [0;1mSELECT * FROM "reports" WHERE ("reports".report_category_id = 3) [0m
Completed in 50ms (View: 23, DB: 7) | 200 OK [http://localhost/report_categories/3]


Processing ReportCategoriesController#index (for 127.0.0.1 at 2010-05-28 22:26:45) [GET]
  [4;35;1mReportCategory Load (7.2ms)[0m   [0mSELECT * FROM "report_categories" [0m
Rendering template within layouts/report_categories
Rendering report_categories/index
Completed in 211ms (View: 188, DB: 7) | 200 OK [http://localhost/report_categories]


Processing ReportCategoriesController#show (for 127.0.0.1 at 2010-05-28 22:26:49) [GET]
  Parameters: {"id"=>"1"}
  [4;36;1mReportCategory Load (0.3ms)[0m   [0;1mSELECT * FROM "report_categories" WHERE ("report_categories"."id" = 1) [0m
Rendering template within layouts/report_categories
Rendering report_categories/show
  [4;35;1mReport Load (0.6ms)[0m   [0mSELECT * FROM "reports" WHERE ("reports".report_category_id = 1) [0m
Completed in 65ms (View: 39, DB: 1) | 200 OK [http://localhost/report_categories/1]


Processing ReportCategoriesController#index (for 127.0.0.1 at 2010-05-28 22:26:52) [GET]
  [4;36;1mReportCategory Load (2.5ms)[0m   [0;1mSELECT * FROM "report_categories" [0m
Rendering template within layouts/report_categories
Rendering report_categories/index
Completed in 54ms (View: 31, DB: 3) | 200 OK [http://localhost/report_categories]


Processing ReportCategoriesController#show (for 127.0.0.1 at 2010-05-28 22:26:54) [GET]
  Parameters: {"id"=>"2"}
  [4;35;1mReportCategory Load (0.3ms)[0m   [0mSELECT * FROM "report_categories" WHERE ("report_categories"."id" = 2) [0m
Rendering template within layouts/report_categories
Rendering report_categories/show
  [4;36;1mReport Load (0.5ms)[0m   [0;1mSELECT * FROM "reports" WHERE ("reports".report_category_id = 2) [0m
Completed in 43ms (View: 25, DB: 1) | 200 OK [http://localhost/report_categories/2]


Processing ReportCategoriesController#report (for 127.0.0.1 at 2010-05-28 22:27:00) [POST]
  Parameters: {"report"=>{"name"=>"Report 24"}, "commit"=>"Add a new report", "authenticity_token"=>"zeqXZhjf6Y0Teewd2zrZ9jKjEjqfve5dOQBTfqyPYQw=", "id"=>"2"}
  [4;35;1mReportCategory Load (1.9ms)[0m   [0mSELECT * FROM "report_categories" WHERE ("report_categories"."id" = 2) [0m
  [4;36;1mReport Create (0.9ms)[0m   [0;1mINSERT INTO "reports" ("reference", "name", "created_at", "comments", "updated_at", "order", "report_category_id") VALUES(NULL, 'Report 24', '2010-05-28 20:27:00', NULL, '2010-05-28 20:27:00', NULL, 2)[0m
Redirected to http://localhost:3000/report_categories/2
Completed in 165ms (DB: 3) | 302 Found [http://localhost/report_categories/report/2]


Processing ReportCategoriesController#show (for 127.0.0.1 at 2010-05-28 22:27:00) [GET]
  Parameters: {"id"=>"2"}
  [4;35;1mReportCategory Load (2.2ms)[0m   [0mSELECT * FROM "report_categories" WHERE ("report_categories"."id" = 2) [0m
Rendering template within layouts/report_categories
Rendering report_categories/show
  [4;36;1mReport Load (0.6ms)[0m   [0;1mSELECT * FROM "reports" WHERE ("reports".report_category_id = 2) [0m
Completed in 53ms (View: 27, DB: 3) | 200 OK [http://localhost/report_categories/2]


Processing ReportCategoriesController#report (for 127.0.0.1 at 2010-05-28 22:27:13) [POST]
  Parameters: {"report"=>{"name"=>"Report 25"}, "commit"=>"Add a new report", "authenticity_token"=>"zeqXZhjf6Y0Teewd2zrZ9jKjEjqfve5dOQBTfqyPYQw=", "id"=>"2"}
  [4;35;1mReportCategory Load (0.3ms)[0m   [0mSELECT * FROM "report_categories" WHERE ("report_categories"."id" = 2) [0m
  [4;36;1mReport Create (0.4ms)[0m   [0;1mINSERT INTO "reports" ("reference", "name", "created_at", "comments", "updated_at", "order", "report_category_id") VALUES(NULL, 'Report 25', '2010-05-28 20:27:13', NULL, '2010-05-28 20:27:13', NULL, 2)[0m
Redirected to http://localhost:3000/report_categories/2
Completed in 332ms (DB: 1) | 302 Found [http://localhost/report_categories/report/2]


Processing ReportCategoriesController#show (for 127.0.0.1 at 2010-05-28 22:27:13) [GET]
  Parameters: {"id"=>"2"}
  [4;35;1mReportCategory Load (0.3ms)[0m   [0mSELECT * FROM "report_categories" WHERE ("report_categories"."id" = 2) [0m
Rendering template within layouts/report_categories
Rendering report_categories/show
  [4;36;1mReport Load (0.7ms)[0m   [0;1mSELECT * FROM "reports" WHERE ("reports".report_category_id = 2) [0m
Completed in 44ms (View: 24, DB: 1) | 200 OK [http://localhost/report_categories/2]
